2019-09-20 16:36:34,903  INFO [main] LogReport:22 - pharmacy is selected
2019-09-20 16:37:42,702  INFO [main] LogReport:22 - medicine is displayed
2019-09-20 16:38:53,527  INFO [main] LogReport:22 - pharmacy is selected
2019-09-20 16:40:01,998  INFO [main] LogReport:22 - medicine is displayed
2019-09-20 16:41:42,596  INFO [main] LogReport:22 - pharmacy is selected
2019-09-20 16:42:51,543  INFO [main] LogReport:22 - medicine is displayed
2019-09-20 16:49:09,014  INFO [main] LogReport:22 - pharmacy is selected
2019-09-20 16:51:18,177  INFO [main] LogReport:22 - pharmacy is selected
2019-09-20 16:52:24,815  INFO [main] LogReport:22 - medicine is displayed
2019-09-20 17:00:41,890  INFO [main] LogReport:22 - pharmacy is selected
2019-09-20 17:01:51,259  INFO [main] LogReport:22 - medicine is displayed
2019-09-20 17:05:51,335  INFO [main] LogReport:22 - medicine is displayed
2019-09-20 17:29:49,162  INFO [main] LogReport:22 - Redirection validation
2019-09-20 17:29:49,168  INFO [main] LogReport:22 - Successfully redirected to Homepage
2019-09-20 17:34:59,228  INFO [main] LogReport:22 - Redirection validation
2019-09-20 17:34:59,236  INFO [main] LogReport:22 - Successfully redirected to Homepage
2019-09-20 17:35:01,977  INFO [main] LogReport:22 - pharmacy is selected
2019-09-20 17:36:12,666  INFO [main] LogReport:22 - medicine is displayed
2019-09-20 17:36:52,234  INFO [main] LogReport:22 - med1 successfully added
2019-09-20 17:36:52,296  INFO [main] LogReport:22 - med2 successfully added
2019-09-20 17:36:52,355  INFO [main] LogReport:22 - med3 successfully added
2019-09-20 17:36:52,413  INFO [main] LogReport:22 - med2 successfully added
2019-09-20 17:36:52,473  INFO [main] LogReport:22 - Final Amount matched 
2019-09-20 17:42:15,861  INFO [main] LogReport:22 - Redirection validation
2019-09-20 17:42:15,867  INFO [main] LogReport:22 - Successfully redirected to Homepage
2019-09-20 17:42:21,919  INFO [main] LogReport:22 - pharmacy is selected
2019-09-20 17:43:31,194  INFO [main] LogReport:22 - medicine is displayed
2019-09-20 17:44:11,358  INFO [main] LogReport:22 - med1 successfully added
2019-09-20 17:44:12,097  INFO [main] LogReport:22 - med2 successfully added
2019-09-20 17:44:12,194  INFO [main] LogReport:22 - med3 successfully added
2019-09-20 17:44:12,288  INFO [main] LogReport:22 - med2 successfully added
2019-09-20 17:44:12,390  INFO [main] LogReport:22 - Final Amount matched 
2019-09-20 17:47:10,823  INFO [main] LogReport:22 - Redirection validation
2019-09-20 17:47:10,823  INFO [main] LogReport:22 - Successfully redirected to Homepage
2019-09-20 17:47:13,331  INFO [main] LogReport:22 - pharmacy is selected
2019-09-20 17:48:25,792  INFO [main] LogReport:22 - medicine is displayed
2019-09-20 17:49:05,136  INFO [main] LogReport:22 - med1 successfully added
2019-09-20 17:49:05,182  INFO [main] LogReport:22 - med2 successfully added
2019-09-20 17:49:05,229  INFO [main] LogReport:22 - med3 successfully added
2019-09-20 17:49:05,291  INFO [main] LogReport:22 - med2 successfully added
2019-09-20 17:49:05,354  INFO [main] LogReport:22 - Final Amount matched 
2019-09-23 11:51:40,593  INFO [main] LogReport:22 - Redirection validation
2019-09-23 11:51:40,608  INFO [main] LogReport:22 - Successfully redirected to Homepage
2019-09-23 11:51:43,659  INFO [main] LogReport:22 - pharmacy is selected
2019-09-23 11:52:54,020  INFO [main] LogReport:22 - medicine is displayed
2019-09-23 12:00:10,053  INFO [main] LogReport:22 - Redirection validation
2019-09-23 12:00:10,059  INFO [main] LogReport:22 - Successfully redirected to Homepage
2019-09-23 12:00:14,939  INFO [main] LogReport:22 - pharmacy is selected
2019-09-23 12:01:23,614  INFO [main] LogReport:22 - medicine is displayed
2019-09-23 12:02:02,933  INFO [main] LogReport:22 - med1 successfully added
2019-09-23 12:02:02,983  INFO [main] LogReport:22 - med2 successfully added
2019-09-23 12:02:03,038  INFO [main] LogReport:22 - med3 successfully added
2019-09-23 12:02:03,090  INFO [main] LogReport:22 - med2 successfully added
2019-09-23 12:02:03,146  INFO [main] LogReport:22 - Final Amount matched 
2019-09-23 12:05:07,435  INFO [main] LogReport:22 - Redirection validation
2019-09-23 12:05:07,441  INFO [main] LogReport:22 - Successfully redirected to Homepage
2019-09-23 12:05:12,346  INFO [main] LogReport:22 - pharmacy is selected
2019-09-23 12:06:21,232  INFO [main] LogReport:22 - medicine is displayed
2019-09-23 12:07:11,272  INFO [main] LogReport:22 - med1 successfully added
2019-09-23 12:07:11,330  INFO [main] LogReport:22 - med2 successfully added
2019-09-23 12:07:11,390  INFO [main] LogReport:22 - med3 successfully added
2019-09-23 12:07:11,444  INFO [main] LogReport:22 - med2 successfully added
2019-09-23 12:07:11,498  INFO [main] LogReport:22 - Final Amount matched 
2019-09-23 12:12:00,793  INFO [main] LogReport:22 - Redirection validation
2019-09-23 12:12:00,813  INFO [main] LogReport:22 - Successfully redirected to Homepage
2019-09-23 12:12:04,942  INFO [main] LogReport:22 - pharmacy is selected
2019-09-23 12:13:15,885  INFO [main] LogReport:22 - medicine is displayed
2019-09-23 12:13:55,701  INFO [main] LogReport:22 - med1 successfully added
2019-09-23 12:13:55,753  INFO [main] LogReport:22 - med2 successfully added
2019-09-23 12:13:55,810  INFO [main] LogReport:22 - med3 successfully added
2019-09-23 12:13:55,866  INFO [main] LogReport:22 - med2 successfully added
2019-09-23 12:13:55,925  INFO [main] LogReport:22 - Final Amount matched 
2019-09-23 12:15:53,149  INFO [main] LogReport:22 - Redirection validation
2019-09-23 12:15:53,155  INFO [main] LogReport:22 - Successfully redirected to Homepage
2019-09-23 12:15:59,807  INFO [main] LogReport:22 - pharmacy is selected
2019-09-23 12:17:12,749  INFO [main] LogReport:22 - medicine is displayed
2019-09-23 12:18:09,305  INFO [main] LogReport:22 - Redirection validation
2019-09-23 12:18:09,312  INFO [main] LogReport:22 - Successfully redirected to Homepage
2019-09-23 12:18:15,874  INFO [main] LogReport:22 - pharmacy is selected
2019-09-23 12:19:28,393  INFO [main] LogReport:22 - medicine is displayed
2019-09-23 12:20:11,024  INFO [main] LogReport:22 - med1 successfully added
2019-09-23 12:20:11,100  INFO [main] LogReport:22 - med2 successfully added
2019-09-23 12:20:11,195  INFO [main] LogReport:22 - med3 successfully added
2019-09-23 12:20:11,358  INFO [main] LogReport:22 - med2 successfully added
2019-09-23 12:20:11,416  INFO [main] LogReport:22 - Final Amount matched 
2019-09-23 12:21:26,309  INFO [main] LogReport:22 - Redirection validation
2019-09-23 12:21:26,316  INFO [main] LogReport:22 - Successfully redirected to Homepage
2019-09-23 12:21:35,966  INFO [main] LogReport:22 - pharmacy is selected
2019-09-23 12:22:56,097  INFO [main] LogReport:22 - medicine is displayed
2019-09-23 12:23:36,612  INFO [main] LogReport:22 - med1 successfully added
2019-09-23 12:23:36,685  INFO [main] LogReport:22 - med2 successfully added
2019-09-23 12:23:36,797  INFO [main] LogReport:22 - med3 successfully added
2019-09-23 12:23:36,997  INFO [main] LogReport:22 - med2 successfully added
2019-09-23 12:23:37,211  INFO [main] LogReport:22 - Final Amount matched 
2019-09-23 12:25:53,420  INFO [main] LogReport:22 - Redirection validation
2019-09-23 12:25:53,427  INFO [main] LogReport:22 - Successfully redirected to Homepage
2019-09-23 12:27:16,088  INFO [main] LogReport:22 - medicine is displayed
2019-09-23 12:27:56,962  INFO [main] LogReport:22 - med1 successfully added
2019-09-23 12:27:57,045  INFO [main] LogReport:22 - med2 successfully added
2019-09-23 12:27:57,161  INFO [main] LogReport:22 - med3 successfully added
2019-09-23 12:27:57,255  INFO [main] LogReport:22 - med2 successfully added
2019-09-23 12:27:57,336  INFO [main] LogReport:22 - Final Amount matched 
2019-09-23 12:42:13,550  INFO [main] LogReport:22 - Redirection validation
2019-09-23 12:42:13,554  INFO [main] LogReport:22 - Successfully redirected to Homepage
2019-09-23 12:42:16,681  INFO [main] LogReport:22 - pharmacy is selected
2019-09-23 12:43:24,550  INFO [main] LogReport:22 - medicine is displayed
2019-09-23 12:44:03,677  INFO [main] LogReport:22 - med1 successfully added
2019-09-23 12:44:03,731  INFO [main] LogReport:22 - med2 successfully added
2019-09-23 12:44:03,789  INFO [main] LogReport:22 - med3 successfully added
2019-09-23 12:44:03,905  INFO [main] LogReport:22 - med2 successfully added
2019-09-23 12:44:03,970  INFO [main] LogReport:22 - Final Amount matched 
2019-09-23 12:48:49,363  INFO [main] LogReport:22 - Redirection validation
2019-09-23 12:48:49,369  INFO [main] LogReport:22 - Successfully redirected to Homepage
2019-09-23 12:48:56,336  INFO [main] LogReport:22 - pharmacy is selected
2019-09-23 12:50:05,075  INFO [main] LogReport:22 - medicine is displayed
2019-09-23 12:50:44,044  INFO [main] LogReport:22 - med1 successfully added
2019-09-23 12:50:44,094  INFO [main] LogReport:22 - med2 successfully added
2019-09-23 12:50:44,150  INFO [main] LogReport:22 - med3 successfully added
2019-09-23 12:50:44,201  INFO [main] LogReport:22 - med2 successfully added
2019-09-23 12:50:44,253  INFO [main] LogReport:22 - Final Amount matched 
2019-09-23 12:51:33,115  INFO [main] LogReport:22 - Redirection validation
2019-09-23 12:51:33,122  INFO [main] LogReport:22 - Successfully redirected to Homepage
2019-09-23 12:51:38,176  INFO [main] LogReport:22 - matched
2019-09-23 12:51:38,973  INFO [main] LogReport:22 - pharmacy is selected
2019-09-23 12:52:48,878  INFO [main] LogReport:22 - medicine is displayed
2019-09-23 12:53:28,277  INFO [main] LogReport:22 - med1 successfully added
2019-09-23 12:53:28,336  INFO [main] LogReport:22 - med2 successfully added
2019-09-23 12:53:28,403  INFO [main] LogReport:22 - med3 successfully added
2019-09-23 12:53:28,469  INFO [main] LogReport:22 - med2 successfully added
2019-09-23 12:53:28,538  INFO [main] LogReport:22 - Final Amount matched 
2019-09-23 15:05:44,350  INFO [main] LogReport:22 - Redirection validation
2019-09-23 15:05:44,358  INFO [main] LogReport:22 - Successfully redirected to Homepage
2019-09-23 15:05:51,346  INFO [main] LogReport:22 - matched
2019-09-23 15:05:51,507  INFO [main] LogReport:22 - pharmacy is selected
2019-09-23 15:11:29,895  INFO [main] LogReport:22 - Redirection validation
2019-09-23 15:11:29,901  INFO [main] LogReport:22 - Successfully redirected to Homepage
2019-09-23 15:11:34,516  INFO [main] LogReport:22 - matched
2019-09-23 15:11:35,013  INFO [main] LogReport:22 - pharmacy is selected
2019-09-23 15:19:00,284  INFO [main] LogReport:22 - Redirection validation
2019-09-23 15:19:00,290  INFO [main] LogReport:22 - Successfully redirected to Homepage
2019-09-23 15:19:02,999  INFO [main] LogReport:22 - matched
2019-09-23 15:19:03,624  INFO [main] LogReport:22 - pharmacy is selected
2019-09-23 15:24:52,592  INFO [main] LogReport:22 - Redirection validation
2019-09-23 15:24:52,612  INFO [main] LogReport:22 - Successfully redirected to Homepage
2019-09-23 15:24:56,676  INFO [main] LogReport:22 - matched
2019-09-23 15:24:56,856  INFO [main] LogReport:22 - pharmacy is selected
2019-09-23 15:29:49,185  INFO [main] LogReport:22 - Redirection validation
2019-09-23 15:29:49,192  INFO [main] LogReport:22 - Successfully redirected to Homepage
2019-09-23 15:29:52,030  INFO [main] LogReport:22 - matched
2019-09-23 15:29:53,233  INFO [main] LogReport:22 - pharmacy is selected
2019-09-23 15:31:22,736  INFO [main] LogReport:22 - medicine is displayed
2019-09-23 15:42:48,520  INFO [main] LogReport:22 - Redirection validation
2019-09-23 15:42:48,526  INFO [main] LogReport:22 - Successfully redirected to Homepage
2019-09-23 15:42:55,029  INFO [main] LogReport:22 - matched
2019-09-23 15:42:55,182  INFO [main] LogReport:22 - pharmacy is selected
2019-09-23 15:44:11,978  INFO [main] LogReport:22 - medicine is displayed
2019-09-23 15:45:32,056  INFO [main] LogReport:22 - med1 successfully added
2019-09-23 15:45:32,118  INFO [main] LogReport:22 - med2 successfully added
2019-09-23 15:45:32,185  INFO [main] LogReport:22 - med3 successfully added
2019-09-23 15:45:32,321  INFO [main] LogReport:22 - med2 successfully added
2019-09-23 15:45:32,389  INFO [main] LogReport:22 - Final Amount matched 
2019-09-23 15:47:07,312  INFO [main] LogReport:22 - Redirection validation
2019-09-23 15:47:07,319  INFO [main] LogReport:22 - Successfully redirected to Homepage
2019-09-23 15:47:13,755  INFO [main] LogReport:22 - matched
2019-09-23 15:47:14,482  INFO [main] LogReport:22 - pharmacy is selected
2019-09-23 15:48:32,597  INFO [main] LogReport:22 - medicine is displayed
2019-09-23 15:52:28,226  INFO [main] LogReport:22 - Redirection validation
2019-09-23 15:52:28,233  INFO [main] LogReport:22 - Successfully redirected to Homepage
2019-09-23 15:52:34,071  INFO [main] LogReport:22 - matched
2019-09-23 15:52:34,291  INFO [main] LogReport:22 - pharmacy is selected
2019-09-23 15:53:55,231  INFO [main] LogReport:22 - medicine is displayed
2019-09-23 15:55:13,488  INFO [main] LogReport:22 - med1 successfully added
2019-09-23 15:55:13,569  INFO [main] LogReport:22 - med2 successfully added
2019-09-23 15:55:13,653  INFO [main] LogReport:22 - med3 successfully added
2019-09-23 15:55:13,740  INFO [main] LogReport:22 - med2 successfully added
2019-09-23 15:55:13,825  INFO [main] LogReport:22 - Final Amount matched 
2019-09-23 16:03:24,853  INFO [main] LogReport:22 - med1 successfully added
2019-09-23 16:03:24,946  INFO [main] LogReport:22 - med2 successfully added
2019-09-23 16:03:25,036  INFO [main] LogReport:22 - med3 successfully added
2019-09-23 16:03:25,129  INFO [main] LogReport:22 - med2 successfully added
2019-09-23 16:03:25,245  INFO [main] LogReport:22 - Final Amount matched 
2019-09-23 16:05:11,151  INFO [main] LogReport:22 - Redirection validation
2019-09-23 16:05:11,158  INFO [main] LogReport:22 - Successfully redirected to Homepage
2019-09-23 16:05:18,157  INFO [main] LogReport:22 - matched
2019-09-23 16:05:21,435  INFO [main] LogReport:22 - pharmacy is selected
2019-09-23 16:07:20,692  INFO [main] LogReport:22 - medicine is displayed
2019-09-23 16:10:06,772  INFO [main] LogReport:22 - med1 successfully added
2019-09-23 16:10:06,836  INFO [main] LogReport:22 - med2 successfully added
2019-09-23 16:10:06,912  INFO [main] LogReport:22 - med3 successfully added
2019-09-23 16:10:07,041  INFO [main] LogReport:22 - med2 successfully added
2019-09-23 16:10:07,106  INFO [main] LogReport:22 - Final Amount matched 
2019-09-23 16:46:22,955  INFO [main] LogReport:22 - Redirection validation
2019-09-23 16:46:22,961  INFO [main] LogReport:22 - Successfully redirected to Homepage
2019-09-23 16:46:28,207  INFO [main] LogReport:22 - matched
2019-09-23 16:46:28,900  INFO [main] LogReport:22 - pharmacy is selected
2019-09-23 16:47:48,025  INFO [main] LogReport:22 - medicine is displayed
2019-09-23 16:49:05,241  INFO [main] LogReport:22 - med1 successfully added
2019-09-23 16:49:05,292  INFO [main] LogReport:22 - med2 successfully added
2019-09-23 16:49:05,340  INFO [main] LogReport:22 - med3 successfully added
2019-09-23 16:49:05,436  INFO [main] LogReport:22 - med2 successfully added
2019-09-23 16:49:05,515  INFO [main] LogReport:22 - Final Amount matched 
2019-09-23 16:52:30,233  INFO [main] LogReport:22 - Redirection validation
2019-09-23 16:52:30,237  INFO [main] LogReport:22 - Successfully redirected to Homepage
2019-09-23 16:52:32,540  INFO [main] LogReport:22 - matched
2019-09-23 16:52:32,677  INFO [main] LogReport:22 - pharmacy is selected
2019-09-23 16:53:51,958  INFO [main] LogReport:22 - medicine is displayed
2019-09-23 17:08:50,036  INFO [main] LogReport:22 - Redirection validation
2019-09-23 17:08:50,043  INFO [main] LogReport:22 - Successfully redirected to Homepage
2019-09-23 17:08:55,856  INFO [main] LogReport:22 - matched
2019-09-23 17:08:56,008  INFO [main] LogReport:22 - pharmacy is selected
2019-09-23 17:10:15,263  INFO [main] LogReport:22 - medicine is displayed
2019-09-23 17:11:32,079  INFO [main] LogReport:22 - med1 successfully added
2019-09-23 17:11:32,132  INFO [main] LogReport:22 - med2 successfully added
2019-09-23 17:11:32,187  INFO [main] LogReport:22 - med3 successfully added
2019-09-23 17:11:32,240  INFO [main] LogReport:22 - med2 successfully added
2019-09-23 17:11:32,297  INFO [main] LogReport:22 - Final Amount matched 
2019-09-23 17:27:49,208  INFO [main] LogReport:22 - medicine is displayed
2019-09-23 17:38:33,187  INFO [main] LogReport:22 - Redirection validation
2019-09-23 17:38:33,193  INFO [main] LogReport:22 - Successfully redirected to Homepage
2019-09-23 17:38:39,694  INFO [main] LogReport:22 - matched
2019-09-23 17:38:40,001  INFO [main] LogReport:22 - pharmacy is selected
2019-09-23 17:40:02,065  INFO [main] LogReport:22 - medicine is displayed
2019-09-23 17:41:19,198  INFO [main] LogReport:22 - med1 successfully added
2019-09-23 17:41:19,253  INFO [main] LogReport:22 - med2 successfully added
2019-09-23 17:41:19,305  INFO [main] LogReport:22 - med3 successfully added
2019-09-23 17:41:19,358  INFO [main] LogReport:22 - med2 successfully added
2019-09-23 17:41:19,420  INFO [main] LogReport:22 - Final Amount matched 
2019-09-23 18:47:08,317  INFO [main] LogReport:22 - Redirection validation
2019-09-23 18:47:08,324  INFO [main] LogReport:22 - Successfully redirected to Homepage
2019-09-23 18:47:14,231  INFO [main] LogReport:22 - matched
2019-09-23 18:47:14,378  INFO [main] LogReport:22 - pharmacy is selected
2019-09-23 18:48:36,956  INFO [main] LogReport:22 - medicine is displayed
2019-09-23 18:49:54,075  INFO [main] LogReport:22 - med1 successfully added
2019-09-23 18:49:54,129  INFO [main] LogReport:22 - med2 successfully added
2019-09-23 18:49:54,187  INFO [main] LogReport:22 - med3 successfully added
2019-09-23 18:49:54,242  INFO [main] LogReport:22 - med2 successfully added
2019-09-23 18:49:54,299  INFO [main] LogReport:22 - Final Amount matched 
2019-09-23 18:54:03,160  INFO [main] LogReport:22 - Redirection validation
2019-09-23 18:54:03,165  INFO [main] LogReport:22 - Successfully redirected to Homepage
2019-09-23 18:54:10,438  INFO [main] LogReport:22 - matched
2019-09-23 18:54:11,079  INFO [main] LogReport:22 - pharmacy is selected
2019-09-23 18:58:43,918  INFO [main] LogReport:22 - medicine is displayed
2019-09-23 19:00:21,138  INFO [main] LogReport:22 - Redirection validation
2019-09-23 19:00:21,144  INFO [main] LogReport:22 - Successfully redirected to Homepage
2019-09-23 19:00:29,112  INFO [main] LogReport:22 - matched
2019-09-23 19:00:29,737  INFO [main] LogReport:22 - pharmacy is selected
2019-09-23 19:02:28,547  INFO [main] LogReport:22 - medicine is displayed
2019-09-23 19:04:45,356  INFO [main] LogReport:22 - Redirection validation
2019-09-23 19:04:45,363  INFO [main] LogReport:22 - Successfully redirected to Homepage
2019-09-23 19:04:53,339  INFO [main] LogReport:22 - matched
2019-09-23 19:04:56,623  INFO [main] LogReport:22 - pharmacy is selected
2019-09-23 19:06:24,934  INFO [main] LogReport:22 - medicine is displayed
2019-09-23 19:07:47,819  INFO [main] LogReport:22 - med1 successfully added
2019-09-23 19:07:48,432  INFO [main] LogReport:22 - med2 successfully added
2019-09-23 19:07:49,061  INFO [main] LogReport:22 - med3 successfully added
2019-09-23 19:07:49,600  INFO [main] LogReport:22 - med2 successfully added
2019-09-23 19:07:50,033  INFO [main] LogReport:22 - Final Amount matched 
